Detecting C [-std=c11] compiler features failed to compile with the following output:
Change Dir: /Users/lianjin/c:c++/epollTest/trunk/src/cmake-build-debug/CMakeFiles/CMakeTmp

Run Build Command:"/usr/bin/make" "cmTC_a0a6a/fast"
/Library/Developer/CommandLineTools/usr/bin/make -f CMakeFiles/cmTC_a0a6a.dir/build.make CMakeFiles/cmTC_a0a6a.dir/build
CMakeFiles/cmTC_a0a6a.dir/build.make:64: *** target pattern contains no `%'.  Stop.
make: *** [cmTC_a0a6a/fast] Error 2



Detecting CXX [-std=c++14] compiler features failed to compile with the following output:
Change Dir: /Users/lianjin/c:c++/epollTest/trunk/src/cmake-build-debug/CMakeFiles/CMakeTmp

Run Build Command:"/usr/bin/make" "cmTC_2a2db/fast"
/Library/Developer/CommandLineTools/usr/bin/make -f CMakeFiles/cmTC_2a2db.dir/build.make CMakeFiles/cmTC_2a2db.dir/build
CMakeFiles/cmTC_2a2db.dir/build.make:64: *** target pattern contains no `%'.  Stop.
make: *** [cmTC_2a2db/fast] Error 2



